  Startup.c
c:\users\gstoy\documents\visual studio 2015\projects\project sem 2 v2\project sem 2 v2\startup.c(15): warning C4013: 'inputNumber' undefined; assuming extern returning int
c:\users\gstoy\documents\visual studio 2015\projects\project sem 2 v2\project sem 2 v2\startup.c(26): warning C4013: 'EnterNumsInArr' undefined; assuming extern returning int
c:\users\gstoy\documents\visual studio 2015\projects\project sem 2 v2\project sem 2 v2\startup.c(35): warning C4013: 'SpecificNumber' undefined; assuming extern returning int
c:\users\gstoy\documents\visual studio 2015\projects\project sem 2 v2\project sem 2 v2\startup.c(43): warning C4013: 'Printer' undefined; assuming extern returning int
c:\users\gstoy\documents\visual studio 2015\projects\project sem 2 v2\project sem 2 v2\startup.c(51): warning C4013: 'biggestSumDiggits' undefined; assuming extern returning int
c:\users\gstoy\documents\visual studio 2015\projects\project sem 2 v2\project sem 2 v2\startup.c(54): warning C4013: 'textInput' undefined; assuming extern returning int
c:\users\gstoy\documents\visual studio 2015\projects\project sem 2 v2\project sem 2 v2\startup.c(68): warning C4013: 'SaveArrayIntoAFile' undefined; assuming extern returning int
c:\users\gstoy\documents\visual studio 2015\projects\project sem 2 v2\project sem 2 v2\startup.c(10): warning C4996: 'fopen': This function or variable may be unsafe. Consider using fopen_s instead. To disable deprecation, use _CRT_SECURE_NO_WARNINGS. See online help for details.
  c:\program files (x86)\windows kits\10\include\10.0.10240.0\ucrt\stdio.h(205): note: see declaration of 'fopen'
c:\users\gstoy\documents\visual studio 2015\projects\project sem 2 v2\project sem 2 v2\startup.c(65): warning C4996: 'scanf': This function or variable may be unsafe. Consider using scanf_s instead. To disable deprecation, use _CRT_SECURE_NO_WARNINGS. See online help for details.
  c:\program files (x86)\windows kits\10\include\10.0.10240.0\ucrt\stdio.h(1270): note: see declaration of 'scanf'
c:\users\gstoy\documents\visual studio 2015\projects\project sem 2 v2\project sem 2 v2\startup.c(66): warning C4996: 'strcat': This function or variable may be unsafe. Consider using strcat_s instead. To disable deprecation, use _CRT_SECURE_NO_WARNINGS. See online help for details.
  c:\program files (x86)\windows kits\10\include\10.0.10240.0\ucrt\string.h(90): note: see declaration of 'strcat'
c:\users\gstoy\documents\visual studio 2015\projects\project sem 2 v2\project sem 2 v2\startup.c(67): warning C4996: 'fopen': This function or variable may be unsafe. Consider using fopen_s instead. To disable deprecation, use _CRT_SECURE_NO_WARNINGS. See online help for details.
  c:\program files (x86)\windows kits\10\include\10.0.10240.0\ucrt\stdio.h(205): note: see declaration of 'fopen'
c:\users\gstoy\documents\visual studio 2015\projects\project sem 2 v2\project sem 2 v2\startup.c(162): warning C4996: 'fscanf': This function or variable may be unsafe. Consider using fscanf_s instead. To disable deprecation, use _CRT_SECURE_NO_WARNINGS. See online help for details.
  c:\program files (x86)\windows kits\10\include\10.0.10240.0\ucrt\stdio.h(1193): note: see declaration of 'fscanf'
c:\users\gstoy\documents\visual studio 2015\projects\project sem 2 v2\project sem 2 v2\startup.c(193): warning C4013: 'strtol' undefined; assuming extern returning int
  Project SEM 2 V2.vcxproj -> C:\Users\gstoy\Documents\Visual Studio 2015\Projects\Project SEM 2 V2\Debug\Project SEM 2 V2.exe
  Project SEM 2 V2.vcxproj -> C:\Users\gstoy\Documents\Visual Studio 2015\Projects\Project SEM 2 V2\Debug\Project SEM 2 V2.pdb (Full PDB)
